<?xml version="1.0" encoding="UTF-8"?>
<!-- Generated by org.testng.reporters.JUnitReportReporter -->
<testsuite hostname="HSNAP-Zxz4FEeH3" failures="0" tests="2" name="org.automation.tests.contact.contact_version_1.Contact_Tests" time="10.020" errors="0" timestamp="2024-07-15T14:07:51 IST" skipped="0">
  <testcase classname="org.automation.tests.contact.contact_version_1.Contact_Tests" name="homePageVerification" time="0.004">
    <system-out>
      <![CDATA[Verified the OM Home Page]]>
    </system-out>
  </testcase> <!-- homePageVerification -->
  <testcase classname="org.automation.tests.contact.contact_version_1.Contact_Tests" name="loginTest" time="10.016">
    <system-out>
      <![CDATA[Logged In successfully]]>
    </system-out>
  </testcase> <!-- loginTest -->
  <system-out>
    <![CDATA[Verified the OM Home Page
Logged In successfully]]>
  </system-out>
</testsuite> <!-- org.automation.tests.contact.contact_version_1.Contact_Tests -->
