<?xml version="1.0" encoding="UTF-8"?>
<!-- Generated by org.testng.reporters.JUnitReportReporter -->
<testsuite hostname="HSNAP-Zxz4FEeH3" failures="0" tests="3" name="org.automation.tests.cs.cs_version_5_x.CS_Tests" time="0.270" errors="0" timestamp="2024-07-18T17:22:23 IST" skipped="0">
  <testcase classname="org.automation.tests.cs.cs_version_5_x.CS_Tests" name="loginTest" time="0.030">
    <system-out>
      <![CDATA[CS Logged In Successfully]]>
    </system-out>
  </testcase> <!-- loginTest -->
  <testcase classname="org.automation.tests.cs.cs_version_5_x.CS_Tests" name="csStatusTest" time="0.218">
    <system-out>
      <![CDATA[CS Status is Active]]>
    </system-out>
  </testcase> <!-- csStatusTest -->
  <testcase classname="org.automation.tests.cs.cs_version_5_x.CS_Tests" name="csLicenseTest" time="0.022">
    <system-out>
      <![CDATA[CS License Status is Valid]]>
    </system-out>
  </testcase> <!-- csLicenseTest -->
  <system-out>
    <![CDATA[CS Logged In Successfully
CS Status is Active
CS License Status is Valid]]>
  </system-out>
</testsuite> <!-- org.automation.tests.cs.cs_version_5_x.CS_Tests -->
