<?xml version="1.0" encoding="UTF-8"?>
<!-- Generated by org.testng.reporters.JUnitReportReporter -->
<testsuite hostname="HSNAP-Zxz4FEeH3" failures="0" tests="5" name="org.automation.tests.pi.pi_version_4_x.PI_Tests" time="13.879" errors="0" timestamp="2024-07-18T17:26:07 IST" skipped="0">
  <testcase classname="org.automation.tests.pi.pi_version_4_x.PI_Tests" name="loginTest" time="0.020">
    <system-out>
      <![CDATA[Logged In successfully]]>
    </system-out>
  </testcase> <!-- loginTest -->
  <testcase classname="org.automation.tests.pi.pi_version_4_x.PI_Tests" name="explorePageVerification" time="3.094">
    <system-out>
      <![CDATA[Clicked on Explore Button
Explore Tab Verified Successfully]]>
    </system-out>
  </testcase> <!-- explorePageVerification -->
  <testcase classname="org.automation.tests.pi.pi_version_4_x.PI_Tests" name="portfolioPageVerification" time="4.549">
    <system-out>
      <![CDATA[Clicked on Portfolio Button
Portfolio Tab Verified Successfully
Clicked on Recent Portfolio Item
Verified Portfolio Item Name on Recent Portfolio Item
Clicked on Summary Button on Portfolio Page
Clicked on Tree Structure Button on Portfolio Page
Clicked on Details Button on Portfolio Page
Clicked on Information Button on Portfolio Page]]>
    </system-out>
  </testcase> <!-- portfolioPageVerification -->
  <testcase classname="org.automation.tests.pi.pi_version_4_x.PI_Tests" name="configurationPageVerification" time="3.101">
    <system-out>
      <![CDATA[Clicked on Configuration Button
Configuaration Tab Verified Successfully]]>
    </system-out>
  </testcase> <!-- configurationPageVerification -->
  <testcase classname="org.automation.tests.pi.pi_version_4_x.PI_Tests" name="historyPageVerification" time="3.115">
    <system-out>
      <![CDATA[Clicked on History Button
History Tab Verified Successfully]]>
    </system-out>
  </testcase> <!-- historyPageVerification -->
  <system-out>
    <![CDATA[Logged In successfully
Clicked on Explore Button
Explore Tab Verified Successfully
Clicked on Portfolio Button
Portfolio Tab Verified Successfully
Clicked on Recent Portfolio Item
Verified Portfolio Item Name on Recent Portfolio Item
Clicked on Summary Button on Portfolio Page
Clicked on Tree Structure Button on Portfolio Page
Clicked on Details Button on Portfolio Page
Clicked on Information Button on Portfolio Page
Clicked on Configuration Button
Configuaration Tab Verified Successfully
Clicked on History Button
History Tab Verified Successfully]]>
  </system-out>
</testsuite> <!-- org.automation.tests.pi.pi_version_4_x.PI_Tests -->
