<?xml version="1.0" encoding="UTF-8"?>
<!-- Generated by org.testng.reporters.JUnitReportReporter -->
<testsuite hostname="Madhavi-Vinay" failures="0" tests="3" name="org.automation.tests.contact.contact_version_1.Contact_Tests" time="2.471" errors="0" timestamp="2024-10-05T17:57:13 IST" skipped="0">
  <testcase classname="org.automation.tests.contact.contact_version_1.Contact_Tests" name="checkContactUrl" time="0.354">
    <system-out>
      <![CDATA[Application is up and running]]>
    </system-out>
  </testcase> <!-- checkContactUrl -->
  <testcase classname="org.automation.tests.contact.contact_version_1.Contact_Tests" name="contactLoginTest" time="0.789">
    <system-out>
      <![CDATA[Logged In successfully]]>
    </system-out>
  </testcase> <!-- contactLoginTest -->
  <testcase classname="org.automation.tests.contact.contact_version_1.Contact_Tests" name="checkLogout" time="1.328">
    <system-out>
      <![CDATA[Verified Contact logout functionality]]>
    </system-out>
  </testcase> <!-- checkLogout -->
  <system-out>
    <![CDATA[Application is up and running
Logged In successfully
Landed on Para Login Page
Landed on Register user page
Verified Contact logout functionality
Entered all the user information and clicked on register
Logged out successfully !!
Landed on Para Login Page
Entered username
Entered password
Click on Submit button
Application is up and running
Logged In successfully
Verified Para login functionality
Clicked on Logout button
Landed on login page
Verified Para logout functionality]]>
  </system-out>
</testsuite> <!-- org.automation.tests.contact.contact_version_1.Contact_Tests -->
