<?xml version="1.0" encoding="UTF-8"?>
<!-- Generated by org.testng.reporters.JUnitReportReporter -->
<testsuite hostname="Madhavi-Vinay" failures="0" tests="4" name="org.automation.tests.para.para_version_1.Para_Tests" time="4.941" errors="0" timestamp="2024-10-05T17:57:13 IST" skipped="0">
  <testcase classname="org.automation.tests.para.para_version_1.Para_Tests" name="registerUser" time="2.829">
    <system-out>
      <![CDATA[Landed on Para Login Page
Landed on Register user page
Entered all the user information and clicked on register
Logged out successfully !!]]>
    </system-out>
  </testcase> <!-- registerUser -->
  <testcase classname="org.automation.tests.para.para_version_1.Para_Tests" name="checkParaUrl" time="1.266">
    <system-out>
      <![CDATA[Landed on Para Login Page
Entered username
Entered password
Click on Submit button
Application is up and running]]>
    </system-out>
  </testcase> <!-- checkParaUrl -->
  <testcase classname="org.automation.tests.para.para_version_1.Para_Tests" name="paraLoginTest" time="0.057">
    <system-out>
      <![CDATA[Logged In successfully
Verified Para login functionality]]>
    </system-out>
  </testcase> <!-- paraLoginTest -->
  <testcase classname="org.automation.tests.para.para_version_1.Para_Tests" name="checkLogout" time="0.789">
    <system-out>
      <![CDATA[Clicked on Logout button
Landed on login page
Verified Para logout functionality]]>
    </system-out>
  </testcase> <!-- checkLogout -->
  <system-out>
    <![CDATA[Application is up and running
Logged In successfully
Landed on Para Login Page
Landed on Register user page
Verified Contact logout functionality
Entered all the user information and clicked on register
Logged out successfully !!
Landed on Para Login Page
Entered username
Entered password
Click on Submit button
Application is up and running
Logged In successfully
Verified Para login functionality
Clicked on Logout button
Landed on login page
Verified Para logout functionality]]>
  </system-out>
</testsuite> <!-- org.automation.tests.para.para_version_1.Para_Tests -->
